Arguments: 
  /Users/stevefar/.nvm/versions/node/v8.6.0/bin/node /Users/stevefar/.nvm/versions/node/v8.6.0/bin/yarn publish

PATH: 
  /usr/local/opt/python/libexec/bin:/Users/stevefar/.nvm/versions/node/v8.6.0/bin:/usr/local/bin:/usr/bin:/bin:/usr/sbin:/sbin:/Applications/Wireshark.app/Contents/MacOS

Yarn version: 
  1.5.1

Node version: 
  8.6.0

Platform: 
  darwin x64

npm manifest: 
  {
    "name": "@simple-contacts/StreamRecorder",
    "version": "0.0.3",
    "main": "./index.js",
    "description": "API for video.simplecontacts.com",
    "dependencies": {}
  }

yarn manifest: 
  No manifest

Lockfile: 
  No lockfile

Trace: 
  Error: https://registry.yarnpkg.com/@simple-contacts%2fStreamRecorder: "@simple-contacts/StreamRecorder" is invalid for new packages
      at Request.params.callback [as _callback] (/Users/stevefar/.nvm/versions/node/v8.6.0/lib/node_modules/yarn/lib/cli.js:65019:18)
      at Request.self.callback (/Users/stevefar/.nvm/versions/node/v8.6.0/lib/node_modules/yarn/lib/cli.js:132430:22)
      at emitTwo (events.js:125:13)
      at Request.emit (events.js:213:7)
      at Request.<anonymous> (/Users/stevefar/.nvm/versions/node/v8.6.0/lib/node_modules/yarn/lib/cli.js:133413:10)
      at emitOne (events.js:115:13)
      at Request.emit (events.js:210:7)
      at IncomingMessage.<anonymous> (/Users/stevefar/.nvm/versions/node/v8.6.0/lib/node_modules/yarn/lib/cli.js:133333:12)
      at Object.onceWrapper (events.js:314:30)
      at emitNone (events.js:110:20)
